<?xml version="1.0" encoding="UTF-8"?>
<testsuite xmlns:xsi="http://www.w3.org/2001/XMLSchema-instance" xsi:noNamespaceSchemaLocation="https://maven.apache.org/surefire/maven-surefire-plugin/xsd/surefire-test-report.xsd" name="com.zopaukrate.task.model.LoanAmountTest" time="0.001" tests="3" errors="0" skipped="0" failures="0">
  <properties>
    <property name="gopherProxySet" value="false"/>
    <property name="awt.toolkit" value="sun.lwawt.macosx.LWCToolkit"/>
    <property name="java.specification.version" value="11"/>
    <property name="sun.cpu.isalist" value=""/>
    <property name="sun.jnu.encoding" value="UTF-8"/>
    <property name="java.class.path" value="/Users/mac/Desktop/zopa/kabir-zopa/target/test-classes:/Users/mac/Desktop/zopa/kabir-zopa/target/classes:/Users/mac/.m2/repository/org/apache/commons/commons-lang3/3.12.0/commons-lang3-3.12.0.jar:/Users/mac/.m2/repository/org/assertj/assertj-core/3.20.2/assertj-core-3.20.2.jar:/Users/mac/.m2/repository/org/junit/jupiter/junit-jupiter-api/5.4.2/junit-jupiter-api-5.4.2.jar:/Users/mac/.m2/repository/org/apiguardian/apiguardian-api/1.0.0/apiguardian-api-1.0.0.jar:/Users/mac/.m2/repository/org/opentest4j/opentest4j/1.1.1/opentest4j-1.1.1.jar:/Users/mac/.m2/repository/org/junit/platform/junit-platform-commons/1.4.2/junit-platform-commons-1.4.2.jar:/Users/mac/.m2/repository/org/junit/jupiter/junit-jupiter-engine/5.4.2/junit-jupiter-engine-5.4.2.jar:/Users/mac/.m2/repository/org/junit/platform/junit-platform-engine/1.4.2/junit-platform-engine-1.4.2.jar:/Users/mac/.m2/repository/junit/junit/4.13/junit-4.13.jar:/Users/mac/.m2/repository/org/hamcrest/hamcrest-core/1.3/hamcrest-core-1.3.jar:"/>
    <property name="java.vm.vendor" value="Oracle Corporation"/>
    <property name="sun.arch.data.model" value="64"/>
    <property name="java.vendor.url" value="http://java.oracle.com/"/>
    <property name="user.timezone" value=""/>
    <property name="java.vm.specification.version" value="11"/>
    <property name="os.name" value="Mac OS X"/>
    <property name="sun.java.launcher" value="SUN_STANDARD"/>
    <property name="user.country" value="NG"/>
    <property name="sun.boot.library.path" value="/Users/mac/.sdkman/candidates/java/11.0.2-open/lib"/>
    <property name="sun.java.command" value="/Users/mac/Desktop/zopa/kabir-zopa/target/surefire/surefirebooter1232555026337856693.jar /Users/mac/Desktop/zopa/kabir-zopa/target/surefire 2021-07-11T23-44-16_467-jvmRun1 surefire7277403193438829139tmp surefire_010880554576296301049tmp"/>
    <property name="http.nonProxyHosts" value="local|*.local|169.254/16|*.169.254/16"/>
    <property name="jdk.debug" value="release"/>
    <property name="surefire.test.class.path" value="/Users/mac/Desktop/zopa/kabir-zopa/target/test-classes:/Users/mac/Desktop/zopa/kabir-zopa/target/classes:/Users/mac/.m2/repository/org/apache/commons/commons-lang3/3.12.0/commons-lang3-3.12.0.jar:/Users/mac/.m2/repository/org/assertj/assertj-core/3.20.2/assertj-core-3.20.2.jar:/Users/mac/.m2/repository/org/junit/jupiter/junit-jupiter-api/5.4.2/junit-jupiter-api-5.4.2.jar:/Users/mac/.m2/repository/org/apiguardian/apiguardian-api/1.0.0/apiguardian-api-1.0.0.jar:/Users/mac/.m2/repository/org/opentest4j/opentest4j/1.1.1/opentest4j-1.1.1.jar:/Users/mac/.m2/repository/org/junit/platform/junit-platform-commons/1.4.2/junit-platform-commons-1.4.2.jar:/Users/mac/.m2/repository/org/junit/jupiter/junit-jupiter-engine/5.4.2/junit-jupiter-engine-5.4.2.jar:/Users/mac/.m2/repository/org/junit/platform/junit-platform-engine/1.4.2/junit-platform-engine-1.4.2.jar:/Users/mac/.m2/repository/junit/junit/4.13/junit-4.13.jar:/Users/mac/.m2/repository/org/hamcrest/hamcrest-core/1.3/hamcrest-core-1.3.jar:"/>
    <property name="sun.cpu.endian" value="little"/>
    <property name="user.home" value="/Users/mac"/>
    <property name="user.language" value="en"/>
    <property name="java.specification.vendor" value="Oracle Corporation"/>
    <property name="java.version.date" value="2019-01-15"/>
    <property name="java.home" value="/Users/mac/.sdkman/candidates/java/11.0.2-open"/>
    <property name="file.separator" value="/"/>
    <property name="basedir" value="/Users/mac/Desktop/zopa/kabir-zopa"/>
    <property name="java.vm.compressedOopsMode" value="Zero based"/>
    <property name="line.separator" value="&#10;"/>
    <property name="java.specification.name" value="Java Platform API Specification"/>
    <property name="java.vm.specification.vendor" value="Oracle Corporation"/>
    <property name="java.awt.graphicsenv" value="sun.awt.CGraphicsEnvironment"/>
    <property name="surefire.real.class.path" value="/Users/mac/Desktop/zopa/kabir-zopa/target/surefire/surefirebooter1232555026337856693.jar"/>
    <property name="sun.management.compiler" value="HotSpot 64-Bit Tiered Compilers"/>
    <property name="ftp.nonProxyHosts" value="local|*.local|169.254/16|*.169.254/16"/>
    <property name="java.runtime.version" value="11.0.2+9"/>
    <property name="user.name" value="mac"/>
    <property name="path.separator" value=":"/>
    <property name="os.version" value="10.15"/>
    <property name="java.runtime.name" value="OpenJDK Runtime Environment"/>
    <property name="file.encoding" value="US-ASCII"/>
    <property name="java.vm.name" value="OpenJDK 64-Bit Server VM"/>
    <property name="java.vendor.version" value="18.9"/>
    <property name="localRepository" value="/Users/mac/.m2/repository"/>
    <property name="java.vendor.url.bug" value="http://bugreport.java.com/bugreport/"/>
    <property name="java.io.tmpdir" value="/var/folders/1m/3b4r6vpj4qd08c3g8lxf2qhr0000gn/T/"/>
    <property name="idea.version" value="2020.3.2"/>
    <property name="java.version" value="11.0.2"/>
    <property name="user.dir" value="/Users/mac/Desktop/zopa/kabir-zopa"/>
    <property name="os.arch" value="x86_64"/>
    <property name="java.vm.specification.name" value="Java Virtual Machine Specification"/>
    <property name="java.awt.printerjob" value="sun.lwawt.macosx.CPrinterJob"/>
    <property name="sun.os.patch.level" value="unknown"/>
    <property name="java.library.path" value="/Users/mac/Library/Java/Extensions:/Library/Java/Extensions:/Network/Library/Java/Extensions:/System/Library/Java/Extensions:/usr/lib/java:."/>
    <property name="java.vendor" value="Oracle Corporation"/>
    <property name="java.vm.info" value="mixed mode"/>
    <property name="java.vm.version" value="11.0.2+9"/>
    <property name="sun.io.unicode.encoding" value="UnicodeBig"/>
    <property name="java.class.version" value="55.0"/>
    <property name="socksNonProxyHosts" value="local|*.local|169.254/16|*.169.254/16"/>
  </properties>
  <testcase name="shouldFailWhenRequestedAmountIsLessThanMinimum" classname="com.zopaukrate.task.model.LoanAmountTest" time="0"/>
  <testcase name="shouldFailWhenRequestedAmountIsGreaterThanMaximum" classname="com.zopaukrate.task.model.LoanAmountTest" time="0"/>
  <testcase name="shouldValidateIncrementOf100" classname="com.zopaukrate.task.model.LoanAmountTest" time="0"/>
</testsuite>